{"level":"info","message":""}
{"message":"Connected to MongoDB mongodb://localhost/vidly...","level":"info"}
{"level":"info","message":""}
{"message":"Connected to MongoDB mongodb://localhost/vidly...","level":"info"}
{"level":"info","message":""}
{"message":"Connected to MongoDB mongodb://localhost/vidly...","level":"info"}
{"level":"info","message":""}
{"message":"Connected to MongoDB mongodb://localhost/vidly...","level":"info"}
{"message":"Listening on port 3000...","level":"info"}
{"message":"Connected to MongoDB mongodb://localhost/vidly...","level":"info"}
{"message":"Listening on port 3000...","level":"info"}
{"message":"Connected to MongoDB mongodb://localhost/vidly_tests...","level":"info"}
{"message":"Listening on port 3000...","level":"info"}
{"message":"Connected to MongoDB mongodb://localhost/vidly_tests...","level":"info"}
{"message":"Listening on port 3000...","level":"info"}
{"message":"Connected to MongoDB mongodb://localhost/vidly_tests...","level":"info"}
{"message":"Listening on port 3000...","level":"info"}
{"message":"Connected to MongoDB mongodb://localhost/vidly_tests...","level":"info"}
{"message":"Listening on port 3000...","level":"info"}
{"message":"Connected to MongoDB mongodb://localhost/vidly_tests...","level":"info"}
{"message":"Listening on port 3000...","level":"info"}
{"message":"Connected to MongoDB mongodb://localhost/vidly_tests...","level":"info"}
{"message":"Listening on port 3000...","level":"info"}
{"message":"Connected to MongoDB mongodb://localhost/vidly_tests...","level":"info"}
{"message":"Listening on port 3000...","level":"info"}
{"message":"Connected to MongoDB mongodb://localhost/vidly_tests...","level":"info"}
{"message":"Listening on port 3000...","level":"info"}
{"message":"Connected to MongoDB mongodb://localhost/vidly_tests...","level":"info"}
{"message":"Listening on port 3000...","level":"info"}
{"message":"Connected to MongoDB mongodb://localhost/vidly_tests...","level":"info"}
{"message":"Listening on port 3000...","level":"info"}
{"message":"Connected to MongoDB mongodb://localhost/vidly_tests...","level":"info"}
{"message":"Listening on port 3000...","level":"info"}
{"message":"Connected to MongoDB mongodb://localhost/vidly_tests...","level":"info"}
{"message":"Listening on port 3000...","level":"info"}
{"message":"Connected to MongoDB mongodb://localhost/vidly_tests...","level":"info"}
{"message":"Listening on port 3000...","level":"info"}
{"message":"Connected to MongoDB mongodb://localhost/vidly_tests...","level":"info"}
{"message":"Listening on port 3000...","level":"info"}
{"message":"Connected to MongoDB mongodb://localhost/vidly_tests...","level":"info"}
{"message":"Listening on port 3000...","level":"info"}
{"message":"Connected to MongoDB mongodb://localhost/vidly_tests...","level":"info"}
{"message":"Listening on port 3000...","level":"info"}
{"message":"Connected to MongoDB mongodb://localhost/vidly_tests...","level":"info"}
{"message":"Listening on port 3000...","level":"info"}
{"message":"Connected to MongoDB mongodb://localhost/vidly_tests...","level":"info"}
{"message":"Listening on port 3000...","level":"info"}
{"message":"Connected to MongoDB mongodb://localhost/vidly_tests...","level":"info"}
{"message":"Listening on port 3000...","level":"info"}
{"message":"Connected to MongoDB mongodb://localhost/vidly_tests...","level":"info"}
{"message":"Listening on port 3000...","level":"info"}
{"message":"Connected to MongoDB mongodb://localhost/vidly_tests...","level":"info"}
{"message":"Listening on port 3000...","level":"info"}
{"message":"Connected to MongoDB mongodb://localhost/vidly_tests...","level":"info"}
{"message":"Listening on port 3000...","level":"info"}
{"message":"Connected to MongoDB mongodb://localhost/vidly_tests...","level":"info"}
{"message":"Listening on port 3000...","level":"info"}
{"message":"Connected to MongoDB mongodb://localhost/vidly_tests...","level":"info"}
{"message":"Listening on port 3000...","level":"info"}
{"message":"Connected to MongoDB mongodb://localhost/vidly_tests...","level":"info"}
{"stringValue":"\"1\"","kind":"ObjectId","value":"1","path":"_id","reason":{},"level":"error","message":"Cast to ObjectId failed for value \"1\" at path \"_id\" for model \"Genre\" Cast to ObjectId failed for value \"1\" at path \"_id\" for model \"Genre\"","stack":"CastError: Cast to ObjectId failed for value \"1\" at path \"_id\" for model \"Genre\"\n    at model.Query.exec (/Users/topphestmark/c/node/fundamentals/vidly/node_modules/mongoose/lib/query.js:4358:21)\n    at model.Query.Object.<anonymous>.Query.then (/Users/topphestmark/c/node/fundamentals/vidly/node_modules/mongoose/lib/query.js:4452:15)\n    at processTicksAndRejections (internal/process/task_queues.js:93:5)"}
{"message":"Listening on port 3000...","level":"info"}
{"message":"Connected to MongoDB mongodb://localhost/vidly_tests...","level":"info"}
